<?xml version="1.0" encoding="UTF-8"?>
<testng-results ignored="1" total="2" passed="1" failed="0" skipped="0">
  <reporter-output>
    <line>
      <![CDATA[Browser Launched Successfully]]>
    </line>
    <line>
      <![CDATA[logged in Successfully]]>
    </line>
    <line>
      <![CDATA[logged out successfully]]>
    </line>
    <line>
      <![CDATA[browser closed successfully]]>
    </line>
    <line>
      <![CDATA[database disconnected]]>
    </line>
  </reporter-output>
  <suite started-at="2025-10-03T16:54:38 IST" name="Default suite" finished-at="2025-10-03T16:56:10 IST" duration-ms="92295">
    <groups>
    </groups>
    <test started-at="2025-10-03T16:54:38 IST" name="Default test" finished-at="2025-10-03T16:56:10 IST" duration-ms="92295">
      <class name="com.Vtiger.Organization.CreateOrganizationTest">
        <test-method is-config="true" signature="databaseConnection()[pri:0, instance:com.Vtiger.Organization.CreateOrganizationTest@c86b9e3]" started-at="2025-10-03T16:54:38 IST" name="databaseConnection" finished-at="2025-10-03T16:54:38 IST" duration-ms="15" status="PASS">
          <reporter-output>
          </reporter-output>
        </test-method> <!-- databaseConnection -->
        <test-method is-config="true" signature="openBrowser()[pri:0, instance:com.Vtiger.Organization.CreateOrganizationTest@c86b9e3]" started-at="2025-10-03T16:54:38 IST" name="openBrowser" finished-at="2025-10-03T16:55:00 IST" duration-ms="22277" status="PASS">
          <reporter-output>
            <line>
              <![CDATA[Browser Launched Successfully]]>
            </line>
          </reporter-output>
        </test-method> <!-- openBrowser -->
        <test-method is-config="true" signature="loginToVtiger()[pri:0, instance:com.Vtiger.Organization.CreateOrganizationTest@c86b9e3]" started-at="2025-10-03T16:55:00 IST" name="loginToVtiger" finished-at="2025-10-03T16:55:20 IST" duration-ms="19341" status="PASS">
          <reporter-output>
            <line>
              <![CDATA[logged in Successfully]]>
            </line>
          </reporter-output>
        </test-method> <!-- loginToVtiger -->
        <test-method signature="createOrg()[pri:0, instance:com.Vtiger.Organization.CreateOrganizationTest@c86b9e3]" started-at="2025-10-03T16:55:20 IST" name="createOrg" finished-at="2025-10-03T16:56:05 IST" duration-ms="45519" status="PASS">
          <reporter-output>
          </reporter-output>
        </test-method> <!-- createOrg -->
        <test-method is-config="true" signature="logoutFromVtiger()[pri:0, instance:com.Vtiger.Organization.CreateOrganizationTest@c86b9e3]" started-at="2025-10-03T16:56:05 IST" name="logoutFromVtiger" finished-at="2025-10-03T16:56:09 IST" duration-ms="4256" status="PASS">
          <reporter-output>
            <line>
              <![CDATA[logged out successfully]]>
            </line>
          </reporter-output>
        </test-method> <!-- logoutFromVtiger -->
        <test-method is-config="true" signature="closeBrowser()[pri:0, instance:com.Vtiger.Organization.CreateOrganizationTest@c86b9e3]" started-at="2025-10-03T16:56:09 IST" name="closeBrowser" finished-at="2025-10-03T16:56:10 IST" duration-ms="454" status="PASS">
          <reporter-output>
            <line>
              <![CDATA[browser closed successfully]]>
            </line>
          </reporter-output>
        </test-method> <!-- closeBrowser -->
        <test-method is-config="true" signature="databasedisconnection()[pri:0, instance:com.Vtiger.Organization.CreateOrganizationTest@c86b9e3]" started-at="2025-10-03T16:56:10 IST" name="databasedisconnection" finished-at="2025-10-03T16:56:10 IST" duration-ms="1" status="PASS">
          <reporter-output>
            <line>
              <![CDATA[database disconnected]]>
            </line>
          </reporter-output>
        </test-method> <!-- databasedisconnection -->
      </class> <!-- com.Vtiger.Organization.CreateOrganizationTest -->
    </test> <!-- Default test -->
  </suite> <!-- Default suite -->
</testng-results>
