<?xml version="1.0" encoding="UTF-8"?>
<!-- Generated by org.testng.reporters.JUnitXMLReporter -->
<testsuite ignored="1" hostname="LAPTOP-B982657T" failures="0" tests="1" name="Default test" time="92.295" errors="0" timestamp="2025-10-03T16:56:10 IST">
  <testcase classname="com.Vtiger.Organization.CreateOrganizationTest" name="createOrg" time="45.519"/>
  <testcase classname="com.Vtiger.Organization.CreateOrganizationTest" name="intentionalFail" time="0.0">
    <ignored/>
  </testcase> <!-- intentionalFail -->
</testsuite> <!-- Default test -->
